<?xml version="1.0" encoding="utf-8"?>
<!DOCTYPE coverage SYSTEM "http://cobertura.sourceforge.net/xml/coverage-04.dtd">
<coverage line-rate="0.617680826636051" branch-rate="0.410404624277457" lines-covered="538" lines-valid="871" branches-covered="71" branches-valid="173" complexity="255" version="0" timestamp="1676673827">
  <sources>
    <source>C:\Users\cheyz\</source>
  </sources>
  <packages>
    <package name="AnimalLibrary" line-rate="0.597826086956522" branch-rate="0.528571428571429" complexity="108">
      <classes>
        <class name="AnimalLibrary.Animal" filename="C:\Users\cheyz\LabWork10\AnimalLibrary\Animal.cs" line-rate="0.916666666666667" branch-rate="0.916666666666667" complexity="22">
          <methods>
            <method name="get_Name" signature="()" line-rate="1" branch-rate="1" complexity="1">
              <lines>
                <line number="32" hits="216" branch="false" />
              </lines>
            </method>
            <method name="set_Name" signature="(...)" line-rate="1" branch-rate="1" complexity="1">
              <lines>
                <line number="33" hits="273" branch="false" />
              </lines>
            </method>
            <method name="get_Age" signature="()" line-rate="1" branch-rate="1" complexity="1">
              <lines>
                <line number="40" hits="81" branch="false" />
                <line number="41" hits="81" branch="false" />
                <line number="42" hits="81" branch="false" />
              </lines>
            </method>
            <method name="set_Age" signature="(...)" line-rate="1" branch-rate="1" complexity="4">
              <lines>
                <line number="44" hits="91" branch="false" />
                <line number="45" hits="91" branch="true" condition-coverage="100% (2/2)" />
                <line number="46" hits="4" branch="false" />
                <line number="47" hits="4" branch="false" />
                <line number="48" hits="4" branch="false" />
                <line number="49" hits="4" branch="false" />
                <line number="50" hits="87" branch="true" condition-coverage="100% (2/2)" />
                <line number="51" hits="8" branch="false" />
                <line number="52" hits="8" branch="false" />
                <line number="53" hits="8" branch="false" />
                <line number="54" hits="8" branch="false" />
                <line number="56" hits="79" branch="false" />
                <line number="57" hits="79" branch="false" />
                <line number="58" hits="79" branch="false" />
                <line number="59" hits="91" branch="false" />
              </lines>
            </method>
            <method name="get_Habitat" signature="()" line-rate="1" branch-rate="1" complexity="1">
              <lines>
                <line number="64" hits="198" branch="false" />
              </lines>
            </method>
            <method name="set_Habitat" signature="(...)" line-rate="1" branch-rate="1" complexity="1">
              <lines>
                <line number="65" hits="273" branch="false" />
              </lines>
            </method>
            <method name="Print" signature="()" line-rate="1" branch-rate="1" complexity="1">
              <lines>
                <line number="72" hits="1" branch="false" />
                <line number="73" hits="1" branch="false" />
                <line number="74" hits="1" branch="false" />
              </lines>
            </method>
            <method name="Show" signature="()" line-rate="1" branch-rate="1" complexity="1">
              <lines>
                <line number="86" hits="1" branch="false" />
                <line number="87" hits="1" branch="false" />
                <line number="88" hits="1" branch="false" />
              </lines>
            </method>
            <method name="Init" signature="(...)" line-rate="0" branch-rate="1" complexity="1">
              <lines>
                <line number="92" hits="0" branch="false" />
                <line number="94" hits="0" branch="false" />
                <line number="95" hits="0" branch="false" />
                <line number="96" hits="0" branch="false" />
                <line number="97" hits="0" branch="false" />
              </lines>
            </method>
            <method name="RandomInit" signature="()" line-rate="1" branch-rate="1" complexity="1">
              <lines>
                <line number="101" hits="1" branch="false" />
                <line number="103" hits="1" branch="false" />
                <line number="104" hits="1" branch="false" />
                <line number="105" hits="1" branch="false" />
                <line number="106" hits="1" branch="false" />
              </lines>
            </method>
            <method name="Equals" signature="(...)" line-rate="1" branch-rate="1" complexity="6">
              <lines>
                <line number="110" hits="14" branch="false" />
                <line number="111" hits="14" branch="true" condition-coverage="100% (2/2)" />
                <line number="112" hits="13" branch="false" />
                <line number="113" hits="13" branch="true" condition-coverage="100% (4/4)" />
                <line number="114" hits="13" branch="false" />
                <line number="115" hits="13" branch="false" />
                <line number="118" hits="1" branch="false" />
                <line number="119" hits="14" branch="false" />
              </lines>
            </method>
            <method name="CompareTo" signature="(...)" line-rate="1" branch-rate="0.5" complexity="2">
              <lines>
                <line number="122" hits="6" branch="false" />
                <line number="123" hits="6" branch="true" condition-coverage="50% (1/2)" />
                <line number="124" hits="6" branch="false" />
                <line number="125" hits="6" branch="false" />
                <line number="126" hits="6" branch="false" />
              </lines>
            </method>
            <method name=".ctor" signature="(...)" line-rate="1" branch-rate="1" complexity="1">
              <lines>
                <line number="11" hits="83" branch="false" />
                <line number="13" hits="83" branch="false" />
                <line number="14" hits="83" branch="false" />
                <line number="22" hits="83" branch="false" />
                <line number="23" hits="83" branch="false" />
                <line number="24" hits="83" branch="false" />
                <line number="25" hits="83" branch="false" />
                <line number="26" hits="83" branch="false" />
                <line number="27" hits="83" branch="false" />
              </lines>
            </method>
          </methods>
          <lines>
            <line number="11" hits="83" branch="false" />
            <line number="13" hits="83" branch="false" />
            <line number="14" hits="83" branch="false" />
            <line number="22" hits="83" branch="false" />
            <line number="23" hits="83" branch="false" />
            <line number="24" hits="83" branch="false" />
            <line number="25" hits="83" branch="false" />
            <line number="26" hits="83" branch="false" />
            <line number="27" hits="83" branch="false" />
            <line number="32" hits="216" branch="false" />
            <line number="33" hits="273" branch="false" />
            <line number="40" hits="81" branch="false" />
            <line number="41" hits="81" branch="false" />
            <line number="42" hits="81" branch="false" />
            <line number="44" hits="91" branch="false" />
            <line number="45" hits="91" branch="true" condition-coverage="100% (2/2)" />
            <line number="46" hits="4" branch="false" />
            <line number="47" hits="4" branch="false" />
            <line number="48" hits="4" branch="false" />
            <line number="49" hits="4" branch="false" />
            <line number="50" hits="87" branch="true" condition-coverage="100% (2/2)" />
            <line number="51" hits="8" branch="false" />
            <line number="52" hits="8" branch="false" />
            <line number="53" hits="8" branch="false" />
            <line number="54" hits="8" branch="false" />
            <line number="56" hits="79" branch="false" />
            <line number="57" hits="79" branch="false" />
            <line number="58" hits="79" branch="false" />
            <line number="59" hits="91" branch="false" />
            <line number="64" hits="198" branch="false" />
            <line number="65" hits="273" branch="false" />
            <line number="72" hits="1" branch="false" />
            <line number="73" hits="1" branch="false" />
            <line number="74" hits="1" branch="false" />
            <line number="86" hits="1" branch="false" />
            <line number="87" hits="1" branch="false" />
            <line number="88" hits="1" branch="false" />
            <line number="92" hits="0" branch="false" />
            <line number="94" hits="0" branch="false" />
            <line number="95" hits="0" branch="false" />
            <line number="96" hits="0" branch="false" />
            <line number="97" hits="0" branch="false" />
            <line number="101" hits="1" branch="false" />
            <line number="103" hits="1" branch="false" />
            <line number="104" hits="1" branch="false" />
            <line number="105" hits="1" branch="false" />
            <line number="106" hits="1" branch="false" />
            <line number="110" hits="14" branch="false" />
            <line number="111" hits="14" branch="true" condition-coverage="100% (2/2)" />
            <line number="112" hits="13" branch="false" />
            <line number="113" hits="13" branch="true" condition-coverage="100% (4/4)" />
            <line number="114" hits="13" branch="false" />
            <line number="115" hits="13" branch="false" />
            <line number="118" hits="1" branch="false" />
            <line number="119" hits="14" branch="false" />
            <line number="122" hits="6" branch="false" />
            <line number="123" hits="6" branch="true" condition-coverage="50% (1/2)" />
            <line number="124" hits="6" branch="false" />
            <line number="125" hits="6" branch="false" />
            <line number="126" hits="6" branch="false" />
          </lines>
        </class>
        <class name="AnimalLibrary.Artiodactyl" filename="C:\Users\cheyz\LabWork10\AnimalLibrary\Artiodactyl.cs" line-rate="0.902439024390244" branch-rate="1" complexity="18">
          <methods>
            <method name="get_HornStyle" signature="()" line-rate="1" branch-rate="1" complexity="1">
              <lines>
                <line number="19" hits="33" branch="false" />
              </lines>
            </method>
            <method name="set_HornStyle" signature="(...)" line-rate="1" branch-rate="1" complexity="1">
              <lines>
                <line number="20" hits="51" branch="false" />
              </lines>
            </method>
            <method name="Init" signature="(...)" line-rate="0" branch-rate="1" complexity="1">
              <lines>
                <line number="46" hits="0" branch="false" />
                <line number="47" hits="0" branch="false" />
                <line number="48" hits="0" branch="false" />
                <line number="50" hits="0" branch="false" />
              </lines>
            </method>
            <method name="RandomInit" signature="()" line-rate="1" branch-rate="1" complexity="1">
              <lines>
                <line number="53" hits="1" branch="false" />
                <line number="54" hits="1" branch="false" />
                <line number="55" hits="1" branch="false" />
                <line number="56" hits="1" branch="false" />
                <line number="57" hits="1" branch="false" />
                <line number="58" hits="1" branch="false" />
                <line number="59" hits="1" branch="false" />
              </lines>
            </method>
            <method name="Equals" signature="(...)" line-rate="1" branch-rate="1" complexity="10">
              <lines>
                <line number="62" hits="6" branch="false" />
                <line number="63" hits="6" branch="true" condition-coverage="100% (2/2)" />
                <line number="64" hits="5" branch="false" />
                <line number="65" hits="5" branch="true" condition-coverage="100% (8/8)" />
                <line number="66" hits="5" branch="false" />
                <line number="67" hits="5" branch="false" />
                <line number="68" hits="5" branch="false" />
                <line number="71" hits="1" branch="false" />
                <line number="72" hits="6" branch="false" />
              </lines>
            </method>
            <method name="Print" signature="()" line-rate="1" branch-rate="1" complexity="1">
              <lines>
                <line number="75" hits="1" branch="false" />
                <line number="76" hits="1" branch="false" />
                <line number="77" hits="1" branch="false" />
                <line number="78" hits="1" branch="false" />
              </lines>
            </method>
            <method name="Show" signature="()" line-rate="1" branch-rate="1" complexity="1">
              <lines>
                <line number="81" hits="1" branch="false" />
                <line number="82" hits="1" branch="false" />
                <line number="83" hits="1" branch="false" />
                <line number="84" hits="1" branch="false" />
              </lines>
            </method>
            <method name=".ctor" signature="()" line-rate="1" branch-rate="1" complexity="1">
              <lines>
                <line number="13" hits="18" branch="false" />
                <line number="14" hits="18" branch="false" />
                <line number="16" hits="18" branch="false" />
                <line number="19" hits="33" branch="false" />
                <line number="20" hits="51" branch="false" />
                <line number="25" hits="3" branch="false" />
                <line number="26" hits="3" branch="false" />
                <line number="27" hits="3" branch="false" />
                <line number="28" hits="3" branch="false" />
              </lines>
            </method>
            <method name=".ctor" signature="(...)" line-rate="1" branch-rate="1" complexity="1">
              <lines>
                <line number="40" hits="15" branch="false" />
                <line number="41" hits="15" branch="false" />
                <line number="42" hits="15" branch="false" />
                <line number="43" hits="15" branch="false" />
              </lines>
            </method>
          </methods>
          <lines>
            <line number="13" hits="18" branch="false" />
            <line number="14" hits="18" branch="false" />
            <line number="16" hits="18" branch="false" />
            <line number="19" hits="33" branch="false" />
            <line number="20" hits="51" branch="false" />
            <line number="25" hits="3" branch="false" />
            <line number="26" hits="3" branch="false" />
            <line number="27" hits="3" branch="false" />
            <line number="28" hits="3" branch="false" />
            <line number="40" hits="15" branch="false" />
            <line number="41" hits="15" branch="false" />
            <line number="42" hits="15" branch="false" />
            <line number="43" hits="15" branch="false" />
            <line number="46" hits="0" branch="false" />
            <line number="47" hits="0" branch="false" />
            <line number="48" hits="0" branch="false" />
            <line number="50" hits="0" branch="false" />
            <line number="53" hits="1" branch="false" />
            <line number="54" hits="1" branch="false" />
            <line number="55" hits="1" branch="false" />
            <line number="56" hits="1" branch="false" />
            <line number="57" hits="1" branch="false" />
            <line number="58" hits="1" branch="false" />
            <line number="59" hits="1" branch="false" />
            <line number="62" hits="6" branch="false" />
            <line number="63" hits="6" branch="true" condition-coverage="100% (2/2)" />
            <line number="64" hits="5" branch="false" />
            <line number="65" hits="5" branch="true" condition-coverage="100% (8/8)" />
            <line number="66" hits="5" branch="false" />
            <line number="67" hits="5" branch="false" />
            <line number="68" hits="5" branch="false" />
            <line number="71" hits="1" branch="false" />
            <line number="72" hits="6" branch="false" />
            <line number="75" hits="1" branch="false" />
            <line number="76" hits="1" branch="false" />
            <line number="77" hits="1" branch="false" />
            <line number="78" hits="1" branch="false" />
            <line number="81" hits="1" branch="false" />
            <line number="82" hits="1" branch="false" />
            <line number="83" hits="1" branch="false" />
            <line number="84" hits="1" branch="false" />
          </lines>
        </class>
        <class name="AnimalLibrary.Bird" filename="C:\Users\cheyz\LabWork10\AnimalLibrary\Bird.cs" line-rate="0.888888888888889" branch-rate="1" complexity="16">
          <methods>
            <method name="get_FlyAbility" signature="()" line-rate="1" branch-rate="1" complexity="1">
              <lines>
                <line number="17" hits="36" branch="false" />
              </lines>
            </method>
            <method name="set_FlyAbility" signature="(...)" line-rate="1" branch-rate="1" complexity="1">
              <lines>
                <line number="18" hits="54" branch="false" />
              </lines>
            </method>
            <method name="Init" signature="(...)" line-rate="0" branch-rate="1" complexity="1">
              <lines>
                <line number="45" hits="0" branch="false" />
                <line number="46" hits="0" branch="false" />
                <line number="47" hits="0" branch="false" />
                <line number="48" hits="0" branch="false" />
              </lines>
            </method>
            <method name="RandomInit" signature="()" line-rate="1" branch-rate="1" complexity="1">
              <lines>
                <line number="51" hits="1" branch="false" />
                <line number="52" hits="1" branch="false" />
                <line number="53" hits="1" branch="false" />
                <line number="54" hits="1" branch="false" />
                <line number="55" hits="1" branch="false" />
                <line number="57" hits="1" branch="false" />
              </lines>
            </method>
            <method name="Equals" signature="(...)" line-rate="1" branch-rate="1" complexity="8">
              <lines>
                <line number="61" hits="6" branch="false" />
                <line number="62" hits="6" branch="true" condition-coverage="100% (2/2)" />
                <line number="63" hits="5" branch="false" />
                <line number="64" hits="5" branch="true" condition-coverage="100% (6/6)" />
                <line number="65" hits="5" branch="false" />
                <line number="66" hits="5" branch="false" />
                <line number="69" hits="1" branch="false" />
                <line number="70" hits="6" branch="false" />
              </lines>
            </method>
            <method name="Print" signature="()" line-rate="1" branch-rate="1" complexity="1">
              <lines>
                <line number="73" hits="1" branch="false" />
                <line number="74" hits="1" branch="false" />
                <line number="75" hits="1" branch="false" />
              </lines>
            </method>
            <method name="Show" signature="()" line-rate="1" branch-rate="1" complexity="1">
              <lines>
                <line number="78" hits="1" branch="false" />
                <line number="79" hits="1" branch="false" />
                <line number="80" hits="1" branch="false" />
              </lines>
            </method>
            <method name=".ctor" signature="()" line-rate="1" branch-rate="1" complexity="1">
              <lines>
                <line number="13" hits="18" branch="false" />
                <line number="14" hits="18" branch="false" />
                <line number="17" hits="36" branch="false" />
                <line number="18" hits="54" branch="false" />
                <line number="22" hits="2" branch="false" />
                <line number="23" hits="2" branch="false" />
                <line number="24" hits="2" branch="false" />
                <line number="25" hits="2" branch="false" />
              </lines>
            </method>
            <method name=".ctor" signature="(...)" line-rate="1" branch-rate="1" complexity="1">
              <lines>
                <line number="35" hits="16" branch="false" />
                <line number="36" hits="16" branch="false" />
                <line number="37" hits="16" branch="false" />
                <line number="38" hits="16" branch="false" />
              </lines>
            </method>
          </methods>
          <lines>
            <line number="13" hits="18" branch="false" />
            <line number="14" hits="18" branch="false" />
            <line number="17" hits="36" branch="false" />
            <line number="18" hits="54" branch="false" />
            <line number="22" hits="2" branch="false" />
            <line number="23" hits="2" branch="false" />
            <line number="24" hits="2" branch="false" />
            <line number="25" hits="2" branch="false" />
            <line number="35" hits="16" branch="false" />
            <line number="36" hits="16" branch="false" />
            <line number="37" hits="16" branch="false" />
            <line number="38" hits="16" branch="false" />
            <line number="45" hits="0" branch="false" />
            <line number="46" hits="0" branch="false" />
            <line number="47" hits="0" branch="false" />
            <line number="48" hits="0" branch="false" />
            <line number="51" hits="1" branch="false" />
            <line number="52" hits="1" branch="false" />
            <line number="53" hits="1" branch="false" />
            <line number="54" hits="1" branch="false" />
            <line number="55" hits="1" branch="false" />
            <line number="57" hits="1" branch="false" />
            <line number="61" hits="6" branch="false" />
            <line number="62" hits="6" branch="true" condition-coverage="100% (2/2)" />
            <line number="63" hits="5" branch="false" />
            <line number="64" hits="5" branch="true" condition-coverage="100% (6/6)" />
            <line number="65" hits="5" branch="false" />
            <line number="66" hits="5" branch="false" />
            <line number="69" hits="1" branch="false" />
            <line number="70" hits="6" branch="false" />
            <line number="73" hits="1" branch="false" />
            <line number="74" hits="1" branch="false" />
            <line number="75" hits="1" branch="false" />
            <line number="78" hits="1" branch="false" />
            <line number="79" hits="1" branch="false" />
            <line number="80" hits="1" branch="false" />
          </lines>
        </class>
        <class name="AnimalLibrary.ConsoleRedirector" filename="C:\Users\cheyz\LabWork10\AnimalLibrary\ConsoleRedirector.cs" line-rate="1" branch-rate="1" complexity="2">
          <methods>
            <method name="ToString" signature="()" line-rate="1" branch-rate="1" complexity="1">
              <lines>
                <line number="21" hits="16" branch="false" />
                <line number="22" hits="16" branch="false" />
                <line number="23" hits="16" branch="false" />
              </lines>
            </method>
            <method name=".ctor" signature="()" line-rate="1" branch-rate="1" complexity="1">
              <lines>
                <line number="12" hits="8" branch="false" />
                <line number="14" hits="8" branch="false" />
                <line number="15" hits="8" branch="false" />
                <line number="16" hits="8" branch="false" />
                <line number="17" hits="8" branch="false" />
                <line number="18" hits="8" branch="false" />
              </lines>
            </method>
          </methods>
          <lines>
            <line number="12" hits="8" branch="false" />
            <line number="14" hits="8" branch="false" />
            <line number="15" hits="8" branch="false" />
            <line number="16" hits="8" branch="false" />
            <line number="17" hits="8" branch="false" />
            <line number="18" hits="8" branch="false" />
            <line number="21" hits="16" branch="false" />
            <line number="22" hits="16" branch="false" />
            <line number="23" hits="16" branch="false" />
          </lines>
        </class>
        <class name="AnimalLibrary.Dialog" filename="C:\Users\cheyz\LabWork10\AnimalLibrary\Dialog.cs" line-rate="0" branch-rate="0" complexity="34">
          <methods>
            <method name="EnterNumber" signature="(...)" line-rate="0" branch-rate="0" complexity="6">
              <lines>
                <line number="17" hits="0" branch="false" />
                <line number="18" hits="0" branch="false" />
                <line number="19" hits="0" branch="false" />
                <line number="21" hits="0" branch="false" />
                <line number="22" hits="0" branch="false" />
                <line number="24" hits="0" branch="false" />
                <line number="25" hits="0" branch="false" />
                <line number="26" hits="0" branch="true" condition-coverage="0% (0/4)" />
                <line number="27" hits="0" branch="false" />
                <line number="28" hits="0" branch="false" />
                <line number="29" hits="0" branch="false" />
                <line number="31" hits="0" branch="false" />
                <line number="32" hits="0" branch="false" />
                <line number="33" hits="0" branch="false" />
                <line number="34" hits="0" branch="false" />
                <line number="36" hits="0" branch="false" />
                <line number="37" hits="0" branch="false" />
                <line number="38" hits="0" branch="false" />
                <line number="39" hits="0" branch="false" />
                <line number="41" hits="0" branch="false" />
                <line number="42" hits="0" branch="false" />
                <line number="43" hits="0" branch="false" />
                <line number="44" hits="0" branch="false" />
                <line number="45" hits="0" branch="true" condition-coverage="0% (0/2)" />
                <line number="46" hits="0" branch="false" />
                <line number="47" hits="0" branch="false" />
              </lines>
            </method>
            <method name="EnterString" signature="(...)" line-rate="0" branch-rate="0" complexity="12">
              <lines>
                <line number="50" hits="0" branch="false" />
                <line number="51" hits="0" branch="false" />
                <line number="52" hits="0" branch="false" />
                <line number="53" hits="0" branch="false" />
                <line number="55" hits="0" branch="false" />
                <line number="56" hits="0" branch="false" />
                <line number="57" hits="0" branch="false" />
                <line number="58" hits="0" branch="false" />
                <line number="59" hits="0" branch="true" condition-coverage="0% (0/2)" />
                <line number="60" hits="0" branch="false" />
                <line number="61" hits="0" branch="true" condition-coverage="0% (0/2)" />
                <line number="62" hits="0" branch="false" />
                <line number="63" hits="0" branch="false" />
                <line number="64" hits="0" branch="false" />
                <line number="66" hits="0" branch="false" />
                <line number="67" hits="0" branch="true" condition-coverage="0% (0/2)" />
                <line number="68" hits="0" branch="false" />
                <line number="69" hits="0" branch="false" />
                <line number="70" hits="0" branch="false" />
                <line number="72" hits="0" branch="true" condition-coverage="0% (0/4)" />
                <line number="73" hits="0" branch="false" />
                <line number="74" hits="0" branch="false" />
                <line number="75" hits="0" branch="false" />
                <line number="77" hits="0" branch="false" />
                <line number="78" hits="0" branch="false" />
                <line number="79" hits="0" branch="false" />
                <line number="80" hits="0" branch="true" condition-coverage="0% (0/2)" />
                <line number="81" hits="0" branch="false" />
                <line number="82" hits="0" branch="false" />
              </lines>
            </method>
            <method name="EnterBool" signature="(...)" line-rate="0" branch-rate="0" complexity="4">
              <lines>
                <line number="85" hits="0" branch="false" />
                <line number="86" hits="0" branch="false" />
                <line number="87" hits="0" branch="false" />
                <line number="89" hits="0" branch="false" />
                <line number="90" hits="0" branch="false" />
                <line number="91" hits="0" branch="true" condition-coverage="0% (0/2)" />
                <line number="92" hits="0" branch="false" />
                <line number="93" hits="0" branch="false" />
                <line number="94" hits="0" branch="false" />
                <line number="95" hits="0" branch="true" condition-coverage="0% (0/2)" />
                <line number="96" hits="0" branch="false" />
                <line number="97" hits="0" branch="false" />
              </lines>
            </method>
            <method name="PrintHeader" signature="(...)" line-rate="0" branch-rate="1" complexity="1">
              <lines>
                <line number="100" hits="0" branch="false" />
                <line number="101" hits="0" branch="false" />
                <line number="102" hits="0" branch="false" />
                <line number="103" hits="0" branch="false" />
              </lines>
            </method>
            <method name="ColorText" signature="(...)" line-rate="0" branch-rate="0" complexity="10">
              <lines>
                <line number="106" hits="0" branch="false" />
                <line number="107" hits="0" branch="false" />
                <line number="108" hits="0" branch="true" condition-coverage="0% (0/10)" />
                <line number="111" hits="0" branch="false" />
                <line number="112" hits="0" branch="false" />
                <line number="114" hits="0" branch="false" />
                <line number="115" hits="0" branch="false" />
                <line number="117" hits="0" branch="false" />
                <line number="118" hits="0" branch="false" />
                <line number="120" hits="0" branch="false" />
                <line number="121" hits="0" branch="false" />
                <line number="123" hits="0" branch="false" />
                <line number="124" hits="0" branch="false" />
                <line number="126" hits="0" branch="false" />
                <line number="127" hits="0" branch="false" />
                <line number="128" hits="0" branch="false" />
              </lines>
            </method>
            <method name="BackMessage" signature="()" line-rate="0" branch-rate="1" complexity="1">
              <lines>
                <line number="131" hits="0" branch="false" />
                <line number="132" hits="0" branch="false" />
                <line number="133" hits="0" branch="false" />
                <line number="134" hits="0" branch="false" />
                <line number="135" hits="0" branch="false" />
              </lines>
            </method>
          </methods>
          <lines>
            <line number="17" hits="0" branch="false" />
            <line number="18" hits="0" branch="false" />
            <line number="19" hits="0" branch="false" />
            <line number="21" hits="0" branch="false" />
            <line number="22" hits="0" branch="false" />
            <line number="24" hits="0" branch="false" />
            <line number="25" hits="0" branch="false" />
            <line number="26" hits="0" branch="true" condition-coverage="0% (0/4)" />
            <line number="27" hits="0" branch="false" />
            <line number="28" hits="0" branch="false" />
            <line number="29" hits="0" branch="false" />
            <line number="31" hits="0" branch="false" />
            <line number="32" hits="0" branch="false" />
            <line number="33" hits="0" branch="false" />
            <line number="34" hits="0" branch="false" />
            <line number="36" hits="0" branch="false" />
            <line number="37" hits="0" branch="false" />
            <line number="38" hits="0" branch="false" />
            <line number="39" hits="0" branch="false" />
            <line number="41" hits="0" branch="false" />
            <line number="42" hits="0" branch="false" />
            <line number="43" hits="0" branch="false" />
            <line number="44" hits="0" branch="false" />
            <line number="45" hits="0" branch="true" condition-coverage="0% (0/2)" />
            <line number="46" hits="0" branch="false" />
            <line number="47" hits="0" branch="false" />
            <line number="50" hits="0" branch="false" />
            <line number="51" hits="0" branch="false" />
            <line number="52" hits="0" branch="false" />
            <line number="53" hits="0" branch="false" />
            <line number="55" hits="0" branch="false" />
            <line number="56" hits="0" branch="false" />
            <line number="57" hits="0" branch="false" />
            <line number="58" hits="0" branch="false" />
            <line number="59" hits="0" branch="true" condition-coverage="0% (0/2)" />
            <line number="60" hits="0" branch="false" />
            <line number="61" hits="0" branch="true" condition-coverage="0% (0/2)" />
            <line number="62" hits="0" branch="false" />
            <line number="63" hits="0" branch="false" />
            <line number="64" hits="0" branch="false" />
            <line number="66" hits="0" branch="false" />
            <line number="67" hits="0" branch="true" condition-coverage="0% (0/2)" />
            <line number="68" hits="0" branch="false" />
            <line number="69" hits="0" branch="false" />
            <line number="70" hits="0" branch="false" />
            <line number="72" hits="0" branch="true" condition-coverage="0% (0/4)" />
            <line number="73" hits="0" branch="false" />
            <line number="74" hits="0" branch="false" />
            <line number="75" hits="0" branch="false" />
            <line number="77" hits="0" branch="false" />
            <line number="78" hits="0" branch="false" />
            <line number="79" hits="0" branch="false" />
            <line number="80" hits="0" branch="true" condition-coverage="0% (0/2)" />
            <line number="81" hits="0" branch="false" />
            <line number="82" hits="0" branch="false" />
            <line number="85" hits="0" branch="false" />
            <line number="86" hits="0" branch="false" />
            <line number="87" hits="0" branch="false" />
            <line number="89" hits="0" branch="false" />
            <line number="90" hits="0" branch="false" />
            <line number="91" hits="0" branch="true" condition-coverage="0% (0/2)" />
            <line number="92" hits="0" branch="false" />
            <line number="93" hits="0" branch="false" />
            <line number="94" hits="0" branch="false" />
            <line number="95" hits="0" branch="true" condition-coverage="0% (0/2)" />
            <line number="96" hits="0" branch="false" />
            <line number="97" hits="0" branch="false" />
            <line number="100" hits="0" branch="false" />
            <line number="101" hits="0" branch="false" />
            <line number="102" hits="0" branch="false" />
            <line number="103" hits="0" branch="false" />
            <line number="106" hits="0" branch="false" />
            <line number="107" hits="0" branch="false" />
            <line number="108" hits="0" branch="true" condition-coverage="0% (0/10)" />
            <line number="111" hits="0" branch="false" />
            <line number="112" hits="0" branch="false" />
            <line number="114" hits="0" branch="false" />
            <line number="115" hits="0" branch="false" />
            <line number="117" hits="0" branch="false" />
            <line number="118" hits="0" branch="false" />
            <line number="120" hits="0" branch="false" />
            <line number="121" hits="0" branch="false" />
            <line number="123" hits="0" branch="false" />
            <line number="124" hits="0" branch="false" />
            <line number="126" hits="0" branch="false" />
            <line number="127" hits="0" branch="false" />
            <line number="128" hits="0" branch="false" />
            <line number="131" hits="0" branch="false" />
            <line number="132" hits="0" branch="false" />
            <line number="133" hits="0" branch="false" />
            <line number="134" hits="0" branch="false" />
            <line number="135" hits="0" branch="false" />
          </lines>
        </class>
        <class name="AnimalLibrary.Mammal" filename="C:\Users\cheyz\LabWork10\AnimalLibrary\Mammal.cs" line-rate="0.842105263157895" branch-rate="1" complexity="16">
          <methods>
            <method name="get_IsWoolen" signature="()" line-rate="1" branch-rate="1" complexity="1">
              <lines>
                <line number="19" hits="48" branch="false" />
              </lines>
            </method>
            <method name="set_IsWoolen" signature="(...)" line-rate="1" branch-rate="1" complexity="1">
              <lines>
                <line number="20" hits="99" branch="false" />
              </lines>
            </method>
            <method name="Init" signature="(...)" line-rate="0" branch-rate="1" complexity="1">
              <lines>
                <line number="43" hits="0" branch="false" />
                <line number="44" hits="0" branch="false" />
                <line number="45" hits="0" branch="false" />
                <line number="46" hits="0" branch="false" />
                <line number="47" hits="0" branch="false" />
                <line number="48" hits="0" branch="false" />
              </lines>
            </method>
            <method name="RandomInit" signature="()" line-rate="1" branch-rate="1" complexity="1">
              <lines>
                <line number="51" hits="1" branch="false" />
                <line number="52" hits="1" branch="false" />
                <line number="53" hits="1" branch="false" />
                <line number="54" hits="1" branch="false" />
                <line number="55" hits="1" branch="false" />
                <line number="56" hits="1" branch="false" />
              </lines>
            </method>
            <method name="Equals" signature="(...)" line-rate="1" branch-rate="1" complexity="8">
              <lines>
                <line number="60" hits="6" branch="false" />
                <line number="61" hits="6" branch="true" condition-coverage="100% (2/2)" />
                <line number="62" hits="5" branch="false" />
                <line number="63" hits="5" branch="true" condition-coverage="100% (6/6)" />
                <line number="64" hits="5" branch="false" />
                <line number="65" hits="5" branch="false" />
                <line number="68" hits="1" branch="false" />
                <line number="69" hits="6" branch="false" />
              </lines>
            </method>
            <method name="Print" signature="()" line-rate="1" branch-rate="1" complexity="1">
              <lines>
                <line number="72" hits="1" branch="false" />
                <line number="73" hits="1" branch="false" />
                <line number="74" hits="1" branch="false" />
              </lines>
            </method>
            <method name="Show" signature="()" line-rate="1" branch-rate="1" complexity="1">
              <lines>
                <line number="76" hits="1" branch="false" />
                <line number="77" hits="1" branch="false" />
                <line number="78" hits="1" branch="false" />
              </lines>
            </method>
            <method name=".ctor" signature="()" line-rate="1" branch-rate="1" complexity="1">
              <lines>
                <line number="13" hits="34" branch="false" />
                <line number="14" hits="34" branch="false" />
                <line number="19" hits="48" branch="false" />
                <line number="20" hits="99" branch="false" />
                <line number="24" hits="5" branch="false" />
                <line number="25" hits="5" branch="false" />
                <line number="26" hits="5" branch="false" />
                <line number="27" hits="5" branch="false" />
              </lines>
            </method>
            <method name=".ctor" signature="(...)" line-rate="1" branch-rate="1" complexity="1">
              <lines>
                <line number="37" hits="29" branch="false" />
                <line number="38" hits="29" branch="false" />
                <line number="39" hits="29" branch="false" />
                <line number="40" hits="29" branch="false" />
              </lines>
            </method>
          </methods>
          <lines>
            <line number="13" hits="34" branch="false" />
            <line number="14" hits="34" branch="false" />
            <line number="19" hits="48" branch="false" />
            <line number="20" hits="99" branch="false" />
            <line number="24" hits="5" branch="false" />
            <line number="25" hits="5" branch="false" />
            <line number="26" hits="5" branch="false" />
            <line number="27" hits="5" branch="false" />
            <line number="37" hits="29" branch="false" />
            <line number="38" hits="29" branch="false" />
            <line number="39" hits="29" branch="false" />
            <line number="40" hits="29" branch="false" />
            <line number="43" hits="0" branch="false" />
            <line number="44" hits="0" branch="false" />
            <line number="45" hits="0" branch="false" />
            <line number="46" hits="0" branch="false" />
            <line number="47" hits="0" branch="false" />
            <line number="48" hits="0" branch="false" />
            <line number="51" hits="1" branch="false" />
            <line number="52" hits="1" branch="false" />
            <line number="53" hits="1" branch="false" />
            <line number="54" hits="1" branch="false" />
            <line number="55" hits="1" branch="false" />
            <line number="56" hits="1" branch="false" />
            <line number="60" hits="6" branch="false" />
            <line number="61" hits="6" branch="true" condition-coverage="100% (2/2)" />
            <line number="62" hits="5" branch="false" />
            <line number="63" hits="5" branch="true" condition-coverage="100% (6/6)" />
            <line number="64" hits="5" branch="false" />
            <line number="65" hits="5" branch="false" />
            <line number="68" hits="1" branch="false" />
            <line number="69" hits="6" branch="false" />
            <line number="72" hits="1" branch="false" />
            <line number="73" hits="1" branch="false" />
            <line number="74" hits="1" branch="false" />
            <line number="76" hits="1" branch="false" />
            <line number="77" hits="1" branch="false" />
            <line number="78" hits="1" branch="false" />
          </lines>
        </class>
      </classes>
    </package>
    <package name="LabWork10" line-rate="0.240549828178694" branch-rate="0.272727272727273" complexity="82">
      <classes>
        <class name="LabWork10.AnimalQueryAndSort" filename="C:\Users\cheyz\LabWork10\Lab10\AnimalQueryAndSort.cs" line-rate="0.921052631578947" branch-rate="0.954545454545455" complexity="24">
          <methods>
            <method name="BirdCount" signature="(...)" line-rate="1" branch-rate="1" complexity="4">
              <lines>
                <line number="15" hits="1" branch="false" />
                <line number="16" hits="1" branch="false" />
                <line number="17" hits="9" branch="true" condition-coverage="100% (2/2)" />
                <line number="18" hits="3" branch="false" />
                <line number="19" hits="3" branch="true" condition-coverage="100% (2/2)" />
                <line number="20" hits="2" branch="false" />
                <line number="21" hits="2" branch="false" />
                <line number="22" hits="2" branch="false" />
                <line number="23" hits="3" branch="false" />
                <line number="24" hits="1" branch="false" />
                <line number="25" hits="1" branch="false" />
              </lines>
            </method>
            <method name="OldestAnimal" signature="(...)" line-rate="1" branch-rate="1" complexity="4">
              <lines>
                <line number="29" hits="1" branch="false" />
                <line number="30" hits="1" branch="false" />
                <line number="31" hits="1" branch="false" />
                <line number="32" hits="1" branch="false" />
                <line number="33" hits="9" branch="true" condition-coverage="100% (2/2)" />
                <line number="34" hits="3" branch="false" />
                <line number="35" hits="3" branch="false" />
                <line number="36" hits="3" branch="true" condition-coverage="100% (2/2)" />
                <line number="37" hits="1" branch="false" />
                <line number="38" hits="1" branch="false" />
                <line number="39" hits="1" branch="false" />
                <line number="40" hits="1" branch="false" />
                <line number="41" hits="3" branch="false" />
                <line number="42" hits="1" branch="false" />
                <line number="43" hits="1" branch="false" />
              </lines>
            </method>
            <method name="YoungestHorn" signature="(...)" line-rate="1" branch-rate="0.833333333333333" complexity="6">
              <lines>
                <line number="47" hits="1" branch="false" />
                <line number="48" hits="1" branch="false" />
                <line number="49" hits="1" branch="false" />
                <line number="50" hits="1" branch="false" />
                <line number="51" hits="1" branch="false" />
                <line number="52" hits="9" branch="true" condition-coverage="100% (2/2)" />
                <line number="53" hits="3" branch="false" />
                <line number="54" hits="3" branch="false" />
                <line number="55" hits="3" branch="false" />
                <line number="56" hits="3" branch="true" condition-coverage="75% (3/4)" />
                <line number="57" hits="2" branch="false" />
                <line number="58" hits="2" branch="false" />
                <line number="59" hits="2" branch="false" />
                <line number="60" hits="2" branch="false" />
                <line number="61" hits="2" branch="false" />
                <line number="62" hits="3" branch="false" />
                <line number="63" hits="1" branch="false" />
                <line number="64" hits="1" branch="false" />
              </lines>
            </method>
            <method name="InhabitedArea" signature="(...)" line-rate="1" branch-rate="1" complexity="8">
              <lines>
                <line number="68" hits="1" branch="false" />
                <line number="69" hits="1" branch="false" />
                <line number="70" hits="8" branch="true" condition-coverage="100% (2/2)" />
                <line number="71" hits="3" branch="false" />
                <line number="72" hits="3" branch="true" condition-coverage="100% (2/2)" />
                <line number="73" hits="2" branch="false" />
                <line number="74" hits="2" branch="false" />
                <line number="75" hits="2" branch="false" />
                <line number="77" hits="3" branch="false" />
                <line number="78" hits="1" branch="false" />
                <line number="79" hits="9" branch="true" condition-coverage="100% (2/2)" />
                <line number="80" hits="3" branch="false" />
                <line number="81" hits="3" branch="true" condition-coverage="100% (2/2)" />
                <line number="82" hits="2" branch="false" />
                <line number="83" hits="2" branch="false" />
                <line number="84" hits="2" branch="false" />
                <line number="85" hits="2" branch="false" />
                <line number="86" hits="3" branch="false" />
                <line number="87" hits="1" branch="false" />
                <line number="88" hits="1" branch="false" />
              </lines>
            </method>
            <method name="SortByName" signature="(...)" line-rate="1" branch-rate="1" complexity="1">
              <lines>
                <line number="92" hits="2" branch="false" />
                <line number="93" hits="2" branch="false" />
                <line number="94" hits="2" branch="false" />
                <line number="95" hits="2" branch="false" />
                <line number="96" hits="2" branch="false" />
                <line number="97" hits="2" branch="false" />
              </lines>
            </method>
            <method name="SortByAge" signature="(...)" line-rate="0" branch-rate="1" complexity="1">
              <lines>
                <line number="101" hits="0" branch="false" />
                <line number="102" hits="0" branch="false" />
                <line number="103" hits="0" branch="false" />
                <line number="104" hits="0" branch="false" />
                <line number="105" hits="0" branch="false" />
                <line number="106" hits="0" branch="false" />
              </lines>
            </method>
          </methods>
          <lines>
            <line number="15" hits="1" branch="false" />
            <line number="16" hits="1" branch="false" />
            <line number="17" hits="9" branch="true" condition-coverage="100% (2/2)" />
            <line number="18" hits="3" branch="false" />
            <line number="19" hits="3" branch="true" condition-coverage="100% (2/2)" />
            <line number="20" hits="2" branch="false" />
            <line number="21" hits="2" branch="false" />
            <line number="22" hits="2" branch="false" />
            <line number="23" hits="3" branch="false" />
            <line number="24" hits="1" branch="false" />
            <line number="25" hits="1" branch="false" />
            <line number="29" hits="1" branch="false" />
            <line number="30" hits="1" branch="false" />
            <line number="31" hits="1" branch="false" />
            <line number="32" hits="1" branch="false" />
            <line number="33" hits="9" branch="true" condition-coverage="100% (2/2)" />
            <line number="34" hits="3" branch="false" />
            <line number="35" hits="3" branch="false" />
            <line number="36" hits="3" branch="true" condition-coverage="100% (2/2)" />
            <line number="37" hits="1" branch="false" />
            <line number="38" hits="1" branch="false" />
            <line number="39" hits="1" branch="false" />
            <line number="40" hits="1" branch="false" />
            <line number="41" hits="3" branch="false" />
            <line number="42" hits="1" branch="false" />
            <line number="43" hits="1" branch="false" />
            <line number="47" hits="1" branch="false" />
            <line number="48" hits="1" branch="false" />
            <line number="49" hits="1" branch="false" />
            <line number="50" hits="1" branch="false" />
            <line number="51" hits="1" branch="false" />
            <line number="52" hits="9" branch="true" condition-coverage="100% (2/2)" />
            <line number="53" hits="3" branch="false" />
            <line number="54" hits="3" branch="false" />
            <line number="55" hits="3" branch="false" />
            <line number="56" hits="3" branch="true" condition-coverage="75% (3/4)" />
            <line number="57" hits="2" branch="false" />
            <line number="58" hits="2" branch="false" />
            <line number="59" hits="2" branch="false" />
            <line number="60" hits="2" branch="false" />
            <line number="61" hits="2" branch="false" />
            <line number="62" hits="3" branch="false" />
            <line number="63" hits="1" branch="false" />
            <line number="64" hits="1" branch="false" />
            <line number="68" hits="1" branch="false" />
            <line number="69" hits="1" branch="false" />
            <line number="70" hits="8" branch="true" condition-coverage="100% (2/2)" />
            <line number="71" hits="3" branch="false" />
            <line number="72" hits="3" branch="true" condition-coverage="100% (2/2)" />
            <line number="73" hits="2" branch="false" />
            <line number="74" hits="2" branch="false" />
            <line number="75" hits="2" branch="false" />
            <line number="77" hits="3" branch="false" />
            <line number="78" hits="1" branch="false" />
            <line number="79" hits="9" branch="true" condition-coverage="100% (2/2)" />
            <line number="80" hits="3" branch="false" />
            <line number="81" hits="3" branch="true" condition-coverage="100% (2/2)" />
            <line number="82" hits="2" branch="false" />
            <line number="83" hits="2" branch="false" />
            <line number="84" hits="2" branch="false" />
            <line number="85" hits="2" branch="false" />
            <line number="86" hits="3" branch="false" />
            <line number="87" hits="1" branch="false" />
            <line number="88" hits="1" branch="false" />
            <line number="92" hits="2" branch="false" />
            <line number="93" hits="2" branch="false" />
            <line number="94" hits="2" branch="false" />
            <line number="95" hits="2" branch="false" />
            <line number="96" hits="2" branch="false" />
            <line number="97" hits="2" branch="false" />
            <line number="101" hits="0" branch="false" />
            <line number="102" hits="0" branch="false" />
            <line number="103" hits="0" branch="false" />
            <line number="104" hits="0" branch="false" />
            <line number="105" hits="0" branch="false" />
            <line number="106" hits="0" branch="false" />
          </lines>
        </class>
        <class name="LabWork10.Program" filename="C:\Users\cheyz\LabWork10\Lab10\Program.cs" line-rate="0" branch-rate="0" complexity="54">
          <methods>
            <method name="MainMenu" signature="()" line-rate="0" branch-rate="1" complexity="1">
              <lines>
                <line number="13" hits="0" branch="false" />
                <line number="14" hits="0" branch="false" />
                <line number="15" hits="0" branch="false" />
                <line number="16" hits="0" branch="false" />
                <line number="17" hits="0" branch="false" />
                <line number="18" hits="0" branch="false" />
                <line number="19" hits="0" branch="false" />
                <line number="20" hits="0" branch="false" />
              </lines>
            </method>
            <method name="CreateArray" signature="(...)" line-rate="0" branch-rate="0" complexity="9">
              <lines>
                <line number="24" hits="0" branch="false" />
                <line number="26" hits="0" branch="false" />
                <line number="27" hits="0" branch="false" />
                <line number="28" hits="0" branch="false" />
                <line number="29" hits="0" branch="true" condition-coverage="0% (0/2)" />
                <line number="30" hits="0" branch="false" />
                <line number="31" hits="0" branch="false" />
                <line number="32" hits="0" branch="false" />
                <line number="33" hits="0" branch="false" />
                <line number="34" hits="0" branch="false" />
                <line number="36" hits="0" branch="false" />
                <line number="37" hits="0" branch="false" />
                <line number="38" hits="0" branch="true" condition-coverage="0% (0/2)" />
                <line number="39" hits="0" branch="false" />
                <line number="40" hits="0" branch="true" condition-coverage="0% (0/5)" />
                <line number="43" hits="0" branch="false" />
                <line number="44" hits="0" branch="false" />
                <line number="45" hits="0" branch="false" />
                <line number="47" hits="0" branch="false" />
                <line number="48" hits="0" branch="false" />
                <line number="49" hits="0" branch="false" />
                <line number="51" hits="0" branch="false" />
                <line number="52" hits="0" branch="false" />
                <line number="53" hits="0" branch="false" />
                <line number="55" hits="0" branch="false" />
                <line number="56" hits="0" branch="false" />
                <line number="57" hits="0" branch="false" />
                <line number="59" hits="0" branch="false" />
                <line number="60" hits="0" branch="false" />
                <line number="61" hits="0" branch="false" />
                <line number="62" hits="0" branch="false" />
                <line number="63" hits="0" branch="false" />
                <line number="64" hits="0" branch="false" />
              </lines>
            </method>
            <method name="ShowArray" signature="(...)" line-rate="0" branch-rate="0" complexity="4">
              <lines>
                <line number="68" hits="0" branch="false" />
                <line number="69" hits="0" branch="false" />
                <line number="70" hits="0" branch="true" condition-coverage="0% (0/2)" />
                <line number="71" hits="0" branch="false" />
                <line number="72" hits="0" branch="false" />
                <line number="73" hits="0" branch="false" />
                <line number="74" hits="0" branch="false" />
                <line number="75" hits="0" branch="false" />
                <line number="76" hits="0" branch="false" />
                <line number="78" hits="0" branch="false" />
                <line number="79" hits="0" branch="false" />
                <line number="80" hits="0" branch="false" />
                <line number="81" hits="0" branch="false" />
                <line number="82" hits="0" branch="true" condition-coverage="0% (0/2)" />
                <line number="83" hits="0" branch="false" />
                <line number="84" hits="0" branch="false" />
                <line number="85" hits="0" branch="false" />
                <line number="86" hits="0" branch="false" />
                <line number="87" hits="0" branch="false" />
                <line number="88" hits="0" branch="false" />
              </lines>
            </method>
            <method name="RequestMenu" signature="(...)" line-rate="0" branch-rate="0" complexity="8">
              <lines>
                <line number="92" hits="0" branch="false" />
                <line number="93" hits="0" branch="false" />
                <line number="95" hits="0" branch="true" condition-coverage="0% (0/2)" />
                <line number="96" hits="0" branch="false" />
                <line number="97" hits="0" branch="false" />
                <line number="98" hits="0" branch="false" />
                <line number="99" hits="0" branch="false" />
                <line number="100" hits="0" branch="false" />
                <line number="101" hits="0" branch="false" />
                <line number="105" hits="0" branch="false" />
                <line number="106" hits="0" branch="false" />
                <line number="107" hits="0" branch="false" />
                <line number="108" hits="0" branch="false" />
                <line number="109" hits="0" branch="false" />
                <line number="110" hits="0" branch="false" />
                <line number="111" hits="0" branch="false" />
                <line number="112" hits="0" branch="false" />
                <line number="113" hits="0" branch="true" condition-coverage="0% (0/6)" />
                <line number="116" hits="0" branch="false" />
                <line number="117" hits="0" branch="false" />
                <line number="119" hits="0" branch="false" />
                <line number="120" hits="0" branch="false" />
                <line number="122" hits="0" branch="false" />
                <line number="123" hits="0" branch="false" />
                <line number="125" hits="0" branch="false" />
                <line number="126" hits="0" branch="false" />
                <line number="128" hits="0" branch="false" />
                <line number="130" hits="0" branch="false" />
                <line number="131" hits="0" branch="false" />
              </lines>
            </method>
            <method name="ShowBirdCount" signature="(...)" line-rate="0" branch-rate="0" complexity="4">
              <lines>
                <line number="135" hits="0" branch="false" />
                <line number="136" hits="0" branch="false" />
                <line number="137" hits="0" branch="false" />
                <line number="138" hits="0" branch="false" />
                <line number="139" hits="0" branch="true" condition-coverage="0% (0/2)" />
                <line number="140" hits="0" branch="false" />
                <line number="141" hits="0" branch="true" condition-coverage="0% (0/2)" />
                <line number="142" hits="0" branch="false" />
                <line number="143" hits="0" branch="false" />
                <line number="144" hits="0" branch="false" />
                <line number="145" hits="0" branch="false" />
                <line number="146" hits="0" branch="false" />
                <line number="147" hits="0" branch="false" />
                <line number="148" hits="0" branch="false" />
              </lines>
            </method>
            <method name="ShowOldestAnimal" signature="(...)" line-rate="0" branch-rate="1" complexity="1">
              <lines>
                <line number="152" hits="0" branch="false" />
                <line number="153" hits="0" branch="false" />
                <line number="154" hits="0" branch="false" />
                <line number="155" hits="0" branch="false" />
                <line number="156" hits="0" branch="false" />
                <line number="157" hits="0" branch="false" />
                <line number="158" hits="0" branch="false" />
                <line number="159" hits="0" branch="false" />
              </lines>
            </method>
            <method name="ShowYoungestHorn" signature="(...)" line-rate="0" branch-rate="0" complexity="2">
              <lines>
                <line number="163" hits="0" branch="false" />
                <line number="164" hits="0" branch="false" />
                <line number="165" hits="0" branch="false" />
                <line number="166" hits="0" branch="false" />
                <line number="167" hits="0" branch="true" condition-coverage="0% (0/2)" />
                <line number="168" hits="0" branch="false" />
                <line number="169" hits="0" branch="false" />
                <line number="170" hits="0" branch="false" />
                <line number="171" hits="0" branch="false" />
              </lines>
            </method>
            <method name="ShowInhabitedArea" signature="(...)" line-rate="0" branch-rate="0" complexity="10">
              <lines>
                <line number="175" hits="0" branch="false" />
                <line number="176" hits="0" branch="false" />
                <line number="177" hits="0" branch="false" />
                <line number="178" hits="0" branch="false" />
                <line number="179" hits="0" branch="false" />
                <line number="181" hits="0" branch="false" />
                <line number="183" hits="0" branch="false" />
                <line number="184" hits="0" branch="false" />
                <line number="185" hits="0" branch="true" condition-coverage="0% (0/2)" />
                <line number="186" hits="0" branch="false" />
                <line number="187" hits="0" branch="false" />
                <line number="188" hits="0" branch="false" />
                <line number="190" hits="0" branch="false" />
                <line number="191" hits="0" branch="false" />
                <line number="192" hits="0" branch="false" />
                <line number="193" hits="0" branch="true" condition-coverage="0% (0/2)" />
                <line number="195" hits="0" branch="false" />
                <line number="197" hits="0" branch="true" condition-coverage="0% (0/2)" />
                <line number="200" hits="0" branch="false" />
                <line number="201" hits="0" branch="false" />
                <line number="203" hits="0" branch="false" />
                <line number="204" hits="0" branch="false" />
                <line number="205" hits="0" branch="true" condition-coverage="0% (0/2)" />
                <line number="206" hits="0" branch="false" />
                <line number="207" hits="0" branch="false" />
                <line number="208" hits="0" branch="true" condition-coverage="0% (0/2)" />
                <line number="209" hits="0" branch="false" />
                <line number="210" hits="0" branch="false" />
                <line number="211" hits="0" branch="false" />
                <line number="212" hits="0" branch="false" />
                <line number="213" hits="0" branch="false" />
                <line number="215" hits="0" branch="false" />
                <line number="216" hits="0" branch="false" />
                <line number="218" hits="0" branch="false" />
              </lines>
            </method>
            <method name="SortMenu" signature="(...)" line-rate="0" branch-rate="0" complexity="6">
              <lines>
                <line number="222" hits="0" branch="false" />
                <line number="223" hits="0" branch="false" />
                <line number="224" hits="0" branch="true" condition-coverage="0% (0/2)" />
                <line number="225" hits="0" branch="false" />
                <line number="226" hits="0" branch="false" />
                <line number="227" hits="0" branch="false" />
                <line number="228" hits="0" branch="false" />
                <line number="230" hits="0" branch="false" />
                <line number="231" hits="0" branch="false" />
                <line number="232" hits="0" branch="false" />
                <line number="233" hits="0" branch="false" />
                <line number="234" hits="0" branch="true" condition-coverage="0% (0/4)" />
                <line number="237" hits="0" branch="false" />
                <line number="238" hits="0" branch="false" />
                <line number="239" hits="0" branch="false" />
                <line number="240" hits="0" branch="false" />
                <line number="241" hits="0" branch="false" />
                <line number="243" hits="0" branch="false" />
                <line number="244" hits="0" branch="false" />
                <line number="245" hits="0" branch="false" />
                <line number="246" hits="0" branch="false" />
                <line number="247" hits="0" branch="false" />
                <line number="249" hits="0" branch="false" />
                <line number="251" hits="0" branch="false" />
              </lines>
            </method>
            <method name="Run" signature="(...)" line-rate="0" branch-rate="0" complexity="8">
              <lines>
                <line number="255" hits="0" branch="false" />
                <line number="256" hits="0" branch="false" />
                <line number="258" hits="0" branch="false" />
                <line number="259" hits="0" branch="false" />
                <line number="260" hits="0" branch="false" />
                <line number="261" hits="0" branch="false" />
                <line number="262" hits="0" branch="true" condition-coverage="0% (0/6)" />
                <line number="265" hits="0" branch="false" />
                <line number="266" hits="0" branch="false" />
                <line number="268" hits="0" branch="false" />
                <line number="269" hits="0" branch="false" />
                <line number="271" hits="0" branch="false" />
                <line number="272" hits="0" branch="false" />
                <line number="274" hits="0" branch="false" />
                <line number="275" hits="0" branch="false" />
                <line number="277" hits="0" branch="false" />
                <line number="278" hits="0" branch="false" />
                <line number="281" hits="0" branch="false" />
                <line number="282" hits="0" branch="true" condition-coverage="0% (0/2)" />
                <line number="283" hits="0" branch="false" />
                <line number="285" hits="0" branch="false" />
              </lines>
            </method>
            <method name="Main" signature="(...)" line-rate="0" branch-rate="1" complexity="1">
              <lines>
                <line number="288" hits="0" branch="false" />
                <line number="289" hits="0" branch="false" />
                <line number="290" hits="0" branch="false" />
                <line number="291" hits="0" branch="false" />
                <line number="292" hits="0" branch="false" />
              </lines>
            </method>
          </methods>
          <lines>
            <line number="13" hits="0" branch="false" />
            <line number="14" hits="0" branch="false" />
            <line number="15" hits="0" branch="false" />
            <line number="16" hits="0" branch="false" />
            <line number="17" hits="0" branch="false" />
            <line number="18" hits="0" branch="false" />
            <line number="19" hits="0" branch="false" />
            <line number="20" hits="0" branch="false" />
            <line number="24" hits="0" branch="false" />
            <line number="26" hits="0" branch="false" />
            <line number="27" hits="0" branch="false" />
            <line number="28" hits="0" branch="false" />
            <line number="29" hits="0" branch="true" condition-coverage="0% (0/2)" />
            <line number="30" hits="0" branch="false" />
            <line number="31" hits="0" branch="false" />
            <line number="32" hits="0" branch="false" />
            <line number="33" hits="0" branch="false" />
            <line number="34" hits="0" branch="false" />
            <line number="36" hits="0" branch="false" />
            <line number="37" hits="0" branch="false" />
            <line number="38" hits="0" branch="true" condition-coverage="0% (0/2)" />
            <line number="39" hits="0" branch="false" />
            <line number="40" hits="0" branch="true" condition-coverage="0% (0/5)" />
            <line number="43" hits="0" branch="false" />
            <line number="44" hits="0" branch="false" />
            <line number="45" hits="0" branch="false" />
            <line number="47" hits="0" branch="false" />
            <line number="48" hits="0" branch="false" />
            <line number="49" hits="0" branch="false" />
            <line number="51" hits="0" branch="false" />
            <line number="52" hits="0" branch="false" />
            <line number="53" hits="0" branch="false" />
            <line number="55" hits="0" branch="false" />
            <line number="56" hits="0" branch="false" />
            <line number="57" hits="0" branch="false" />
            <line number="59" hits="0" branch="false" />
            <line number="60" hits="0" branch="false" />
            <line number="61" hits="0" branch="false" />
            <line number="62" hits="0" branch="false" />
            <line number="63" hits="0" branch="false" />
            <line number="64" hits="0" branch="false" />
            <line number="68" hits="0" branch="false" />
            <line number="69" hits="0" branch="false" />
            <line number="70" hits="0" branch="true" condition-coverage="0% (0/2)" />
            <line number="71" hits="0" branch="false" />
            <line number="72" hits="0" branch="false" />
            <line number="73" hits="0" branch="false" />
            <line number="74" hits="0" branch="false" />
            <line number="75" hits="0" branch="false" />
            <line number="76" hits="0" branch="false" />
            <line number="78" hits="0" branch="false" />
            <line number="79" hits="0" branch="false" />
            <line number="80" hits="0" branch="false" />
            <line number="81" hits="0" branch="false" />
            <line number="82" hits="0" branch="true" condition-coverage="0% (0/2)" />
            <line number="83" hits="0" branch="false" />
            <line number="84" hits="0" branch="false" />
            <line number="85" hits="0" branch="false" />
            <line number="86" hits="0" branch="false" />
            <line number="87" hits="0" branch="false" />
            <line number="88" hits="0" branch="false" />
            <line number="92" hits="0" branch="false" />
            <line number="93" hits="0" branch="false" />
            <line number="95" hits="0" branch="true" condition-coverage="0% (0/2)" />
            <line number="96" hits="0" branch="false" />
            <line number="97" hits="0" branch="false" />
            <line number="98" hits="0" branch="false" />
            <line number="99" hits="0" branch="false" />
            <line number="100" hits="0" branch="false" />
            <line number="101" hits="0" branch="false" />
            <line number="105" hits="0" branch="false" />
            <line number="106" hits="0" branch="false" />
            <line number="107" hits="0" branch="false" />
            <line number="108" hits="0" branch="false" />
            <line number="109" hits="0" branch="false" />
            <line number="110" hits="0" branch="false" />
            <line number="111" hits="0" branch="false" />
            <line number="112" hits="0" branch="false" />
            <line number="113" hits="0" branch="true" condition-coverage="0% (0/6)" />
            <line number="116" hits="0" branch="false" />
            <line number="117" hits="0" branch="false" />
            <line number="119" hits="0" branch="false" />
            <line number="120" hits="0" branch="false" />
            <line number="122" hits="0" branch="false" />
            <line number="123" hits="0" branch="false" />
            <line number="125" hits="0" branch="false" />
            <line number="126" hits="0" branch="false" />
            <line number="128" hits="0" branch="false" />
            <line number="130" hits="0" branch="false" />
            <line number="131" hits="0" branch="false" />
            <line number="135" hits="0" branch="false" />
            <line number="136" hits="0" branch="false" />
            <line number="137" hits="0" branch="false" />
            <line number="138" hits="0" branch="false" />
            <line number="139" hits="0" branch="true" condition-coverage="0% (0/2)" />
            <line number="140" hits="0" branch="false" />
            <line number="141" hits="0" branch="true" condition-coverage="0% (0/2)" />
            <line number="142" hits="0" branch="false" />
            <line number="143" hits="0" branch="false" />
            <line number="144" hits="0" branch="false" />
            <line number="145" hits="0" branch="false" />
            <line number="146" hits="0" branch="false" />
            <line number="147" hits="0" branch="false" />
            <line number="148" hits="0" branch="false" />
            <line number="152" hits="0" branch="false" />
            <line number="153" hits="0" branch="false" />
            <line number="154" hits="0" branch="false" />
            <line number="155" hits="0" branch="false" />
            <line number="156" hits="0" branch="false" />
            <line number="157" hits="0" branch="false" />
            <line number="158" hits="0" branch="false" />
            <line number="159" hits="0" branch="false" />
            <line number="163" hits="0" branch="false" />
            <line number="164" hits="0" branch="false" />
            <line number="165" hits="0" branch="false" />
            <line number="166" hits="0" branch="false" />
            <line number="167" hits="0" branch="true" condition-coverage="0% (0/2)" />
            <line number="168" hits="0" branch="false" />
            <line number="169" hits="0" branch="false" />
            <line number="170" hits="0" branch="false" />
            <line number="171" hits="0" branch="false" />
            <line number="175" hits="0" branch="false" />
            <line number="176" hits="0" branch="false" />
            <line number="177" hits="0" branch="false" />
            <line number="178" hits="0" branch="false" />
            <line number="179" hits="0" branch="false" />
            <line number="181" hits="0" branch="false" />
            <line number="183" hits="0" branch="false" />
            <line number="184" hits="0" branch="false" />
            <line number="185" hits="0" branch="true" condition-coverage="0% (0/2)" />
            <line number="186" hits="0" branch="false" />
            <line number="187" hits="0" branch="false" />
            <line number="188" hits="0" branch="false" />
            <line number="190" hits="0" branch="false" />
            <line number="191" hits="0" branch="false" />
            <line number="192" hits="0" branch="false" />
            <line number="193" hits="0" branch="true" condition-coverage="0% (0/2)" />
            <line number="195" hits="0" branch="false" />
            <line number="197" hits="0" branch="true" condition-coverage="0% (0/2)" />
            <line number="200" hits="0" branch="false" />
            <line number="201" hits="0" branch="false" />
            <line number="203" hits="0" branch="false" />
            <line number="204" hits="0" branch="false" />
            <line number="205" hits="0" branch="true" condition-coverage="0% (0/2)" />
            <line number="206" hits="0" branch="false" />
            <line number="207" hits="0" branch="false" />
            <line number="208" hits="0" branch="true" condition-coverage="0% (0/2)" />
            <line number="209" hits="0" branch="false" />
            <line number="210" hits="0" branch="false" />
            <line number="211" hits="0" branch="false" />
            <line number="212" hits="0" branch="false" />
            <line number="213" hits="0" branch="false" />
[...]
            <line number="46" hits="1" branch="false" />
            <line number="47" hits="1" branch="false" />
            <line number="48" hits="1" branch="false" />
            <line number="49" hits="1" branch="false" />
            <line number="53" hits="1" branch="false" />
            <line number="54" hits="1" branch="false" />
            <line number="55" hits="1" branch="false" />
            <line number="56" hits="1" branch="false" />
            <line number="57" hits="1" branch="false" />
            <line number="58" hits="1" branch="false" />
            <line number="59" hits="1" branch="true" condition-coverage="50% (3/6)" />
            <line number="60" hits="1" branch="false" />
            <line number="61" hits="1" branch="false" />
            <line number="62" hits="1" branch="false" />
            <line number="63" hits="1" branch="false" />
            <line number="64" hits="1" branch="false" />
            <line number="68" hits="1" branch="false" />
            <line number="69" hits="1" branch="false" />
            <line number="70" hits="1" branch="false" />
            <line number="71" hits="1" branch="false" />
            <line number="72" hits="1" branch="false" />
            <line number="73" hits="1" branch="false" />
            <line number="74" hits="1" branch="false" />
            <line number="78" hits="1" branch="false" />
            <line number="79" hits="1" branch="false" />
            <line number="80" hits="1" branch="false" />
            <line number="81" hits="1" branch="false" />
            <line number="82" hits="1" branch="false" />
            <line number="83" hits="1" branch="false" />
            <line number="84" hits="1" branch="false" />
            <line number="88" hits="1" branch="false" />
            <line number="89" hits="1" branch="false" />
            <line number="90" hits="1" branch="false" />
            <line number="91" hits="1" branch="false" />
            <line number="92" hits="1" branch="false" />
            <line number="96" hits="1" branch="false" />
            <line number="97" hits="1" branch="false" />
            <line number="98" hits="1" branch="false" />
            <line number="99" hits="1" branch="false" />
            <line number="100" hits="1" branch="false" />
          </lines>
        </class>
        <class name="TestAnimalLibrary.MammalTesting" filename="C:\Users\cheyz\LabWork10\TestAnimalLibrary\MammalTesting.cs" line-rate="1" branch-rate="0.5" complexity="14">
          <methods>
            <method name="TestMammalEmptyCtor" signature="()" line-rate="1" branch-rate="1" complexity="1">
              <lines>
                <line number="17" hits="1" branch="false" />
                <line number="18" hits="1" branch="false" />
                <line number="19" hits="1" branch="false" />
                <line number="20" hits="1" branch="false" />
                <line number="21" hits="1" branch="false" />
              </lines>
            </method>
            <method name="TestMammalCtor1" signature="()" line-rate="1" branch-rate="1" complexity="1">
              <lines>
                <line number="25" hits="1" branch="false" />
                <line number="26" hits="1" branch="false" />
                <line number="27" hits="1" branch="false" />
                <line number="28" hits="1" branch="false" />
                <line number="29" hits="1" branch="false" />
              </lines>
            </method>
            <method name="TestMammalCtor2" signature="()" line-rate="1" branch-rate="1" complexity="1">
              <lines>
                <line number="33" hits="1" branch="false" />
                <line number="34" hits="1" branch="false" />
                <line number="35" hits="1" branch="false" />
                <line number="36" hits="1" branch="false" />
                <line number="37" hits="1" branch="false" />
              </lines>
            </method>
            <method name="TestMammalProps" signature="()" line-rate="1" branch-rate="1" complexity="1">
              <lines>
                <line number="41" hits="1" branch="false" />
                <line number="42" hits="1" branch="false" />
                <line number="43" hits="1" branch="false" />
                <line number="44" hits="1" branch="false" />
                <line number="45" hits="1" branch="false" />
                <line number="46" hits="1" branch="false" />
                <line number="47" hits="1" branch="false" />
                <line number="48" hits="1" branch="false" />
                <line number="49" hits="1" branch="false" />
              </lines>
            </method>
            <method name="TestMammalRandom" signature="()" line-rate="1" branch-rate="0.5" complexity="6">
              <lines>
                <line number="53" hits="1" branch="false" />
                <line number="54" hits="1" branch="false" />
                <line number="55" hits="1" branch="false" />
                <line number="56" hits="1" branch="false" />
                <line number="57" hits="1" branch="false" />
                <line number="58" hits="1" branch="false" />
                <line number="59" hits="1" branch="true" condition-coverage="50% (3/6)" />
                <line number="60" hits="1" branch="false" />
                <line number="61" hits="1" branch="false" />
                <line number="62" hits="1" branch="false" />
                <line number="63" hits="1" branch="false" />
                <line number="64" hits="1" branch="false" />
              </lines>
            </method>
            <method name="TestMammalShow" signature="()" line-rate="1" branch-rate="1" complexity="1">
              <lines>
                <line number="68" hits="1" branch="false" />
                <line number="69" hits="1" branch="false" />
                <line number="70" hits="1" branch="false" />
                <line number="71" hits="1" branch="false" />
                <line number="72" hits="1" branch="false" />
                <line number="73" hits="1" branch="false" />
                <line number="74" hits="1" branch="false" />
              </lines>
            </method>
            <method name="TestMammalPrint" signature="()" line-rate="1" branch-rate="1" complexity="1">
              <lines>
                <line number="78" hits="1" branch="false" />
                <line number="79" hits="1" branch="false" />
                <line number="80" hits="1" branch="false" />
                <line number="81" hits="1" branch="false" />
                <line number="82" hits="1" branch="false" />
                <line number="83" hits="1" branch="false" />
                <line number="84" hits="1" branch="false" />
              </lines>
            </method>
            <method name="TestMammalNotEquals1" signature="()" line-rate="1" branch-rate="1" complexity="1">
              <lines>
                <line number="88" hits="1" branch="false" />
                <line number="89" hits="1" branch="false" />
                <line number="90" hits="1" branch="false" />
                <line number="91" hits="1" branch="false" />
                <line number="92" hits="1" branch="false" />
              </lines>
            </method>
            <method name="TestMammalNotEquals2" signature="()" line-rate="1" branch-rate="1" complexity="1">
              <lines>
                <line number="96" hits="1" branch="false" />
                <line number="97" hits="1" branch="false" />
                <line number="98" hits="1" branch="false" />
                <line number="99" hits="1" branch="false" />
                <line number="100" hits="1" branch="false" />
              </lines>
            </method>
          </methods>
          <lines>
            <line number="17" hits="1" branch="false" />
            <line number="18" hits="1" branch="false" />
            <line number="19" hits="1" branch="false" />
            <line number="20" hits="1" branch="false" />
            <line number="21" hits="1" branch="false" />
            <line number="25" hits="1" branch="false" />
            <line number="26" hits="1" branch="false" />
            <line number="27" hits="1" branch="false" />
            <line number="28" hits="1" branch="false" />
            <line number="29" hits="1" branch="false" />
            <line number="33" hits="1" branch="false" />
            <line number="34" hits="1" branch="false" />
            <line number="35" hits="1" branch="false" />
            <line number="36" hits="1" branch="false" />
            <line number="37" hits="1" branch="false" />
            <line number="41" hits="1" branch="false" />
            <line number="42" hits="1" branch="false" />
            <line number="43" hits="1" branch="false" />
            <line number="44" hits="1" branch="false" />
            <line number="45" hits="1" branch="false" />
            <line number="46" hits="1" branch="false" />
            <line number="47" hits="1" branch="false" />
            <line number="48" hits="1" branch="false" />
            <line number="49" hits="1" branch="false" />
            <line number="53" hits="1" branch="false" />
            <line number="54" hits="1" branch="false" />
            <line number="55" hits="1" branch="false" />
            <line number="56" hits="1" branch="false" />
            <line number="57" hits="1" branch="false" />
            <line number="58" hits="1" branch="false" />
            <line number="59" hits="1" branch="true" condition-coverage="50% (3/6)" />
            <line number="60" hits="1" branch="false" />
            <line number="61" hits="1" branch="false" />
            <line number="62" hits="1" branch="false" />
            <line number="63" hits="1" branch="false" />
            <line number="64" hits="1" branch="false" />
            <line number="68" hits="1" branch="false" />
            <line number="69" hits="1" branch="false" />
            <line number="70" hits="1" branch="false" />
            <line number="71" hits="1" branch="false" />
            <line number="72" hits="1" branch="false" />
            <line number="73" hits="1" branch="false" />
            <line number="74" hits="1" branch="false" />
            <line number="78" hits="1" branch="false" />
            <line number="79" hits="1" branch="false" />
            <line number="80" hits="1" branch="false" />
            <line number="81" hits="1" branch="false" />
            <line number="82" hits="1" branch="false" />
            <line number="83" hits="1" branch="false" />
            <line number="84" hits="1" branch="false" />
            <line number="88" hits="1" branch="false" />
            <line number="89" hits="1" branch="false" />
            <line number="90" hits="1" branch="false" />
            <line number="91" hits="1" branch="false" />
            <line number="92" hits="1" branch="false" />
            <line number="96" hits="1" branch="false" />
            <line number="97" hits="1" branch="false" />
            <line number="98" hits="1" branch="false" />
            <line number="99" hits="1" branch="false" />
            <line number="100" hits="1" branch="false" />
          </lines>
        </class>
        <class name="TestAnimalLibrary.QueryAndSortTesting" filename="C:\Users\cheyz\LabWork10\TestAnimalLibrary\QueryAndSortTesting.cs" line-rate="1" branch-rate="1" complexity="6">
          <methods>
            <method name="TestBirdCount" signature="()" line-rate="1" branch-rate="1" complexity="1">
              <lines>
                <line number="13" hits="1" branch="false" />
                <line number="14" hits="1" branch="false" />
                <line number="15" hits="1" branch="false" />
                <line number="16" hits="1" branch="false" />
                <line number="17" hits="1" branch="false" />
                <line number="18" hits="1" branch="false" />
                <line number="19" hits="1" branch="false" />
                <line number="20" hits="1" branch="false" />
                <line number="21" hits="1" branch="false" />
              </lines>
            </method>
            <method name="TestOldestAnimal" signature="()" line-rate="1" branch-rate="1" complexity="1">
              <lines>
                <line number="25" hits="1" branch="false" />
                <line number="26" hits="1" branch="false" />
                <line number="27" hits="1" branch="false" />
                <line number="28" hits="1" branch="false" />
                <line number="29" hits="1" branch="false" />
                <line number="30" hits="1" branch="false" />
                <line number="31" hits="1" branch="false" />
                <line number="32" hits="1" branch="false" />
                <line number="33" hits="1" branch="false" />
              </lines>
            </method>
            <method name="TestYoungestHorn" signature="()" line-rate="1" branch-rate="1" complexity="1">
              <lines>
                <line number="37" hits="1" branch="false" />
                <line number="38" hits="1" branch="false" />
                <line number="39" hits="1" branch="false" />
                <line number="40" hits="1" branch="false" />
                <line number="41" hits="1" branch="false" />
                <line number="42" hits="1" branch="false" />
                <line number="43" hits="1" branch="false" />
                <line number="44" hits="1" branch="false" />
                <line number="45" hits="1" branch="false" />
              </lines>
            </method>
            <method name="TestInhabitedArea" signature="()" line-rate="1" branch-rate="1" complexity="1">
              <lines>
                <line number="49" hits="1" branch="false" />
                <line number="50" hits="1" branch="false" />
                <line number="51" hits="1" branch="false" />
                <line number="52" hits="1" branch="false" />
                <line number="54" hits="1" branch="false" />
                <line number="55" hits="1" branch="false" />
                <line number="56" hits="1" branch="false" />
                <line number="57" hits="1" branch="false" />
                <line number="59" hits="1" branch="false" />
                <line number="61" hits="1" branch="false" />
                <line number="63" hits="1" branch="false" />
              </lines>
            </method>
            <method name="TestSortByName" signature="()" line-rate="1" branch-rate="1" complexity="1">
              <lines>
                <line number="67" hits="1" branch="false" />
                <line number="68" hits="1" branch="false" />
                <line number="69" hits="1" branch="false" />
                <line number="70" hits="1" branch="false" />
                <line number="71" hits="1" branch="false" />
                <line number="73" hits="1" branch="false" />
                <line number="74" hits="1" branch="false" />
                <line number="75" hits="1" branch="false" />
                <line number="76" hits="1" branch="false" />
                <line number="78" hits="1" branch="false" />
                <line number="79" hits="1" branch="false" />
                <line number="80" hits="1" branch="false" />
              </lines>
            </method>
            <method name="TestSortByAge" signature="()" line-rate="1" branch-rate="1" complexity="1">
              <lines>
                <line number="84" hits="1" branch="false" />
                <line number="85" hits="1" branch="false" />
                <line number="86" hits="1" branch="false" />
                <line number="87" hits="1" branch="false" />
                <line number="88" hits="1" branch="false" />
                <line number="90" hits="1" branch="false" />
                <line number="91" hits="1" branch="false" />
                <line number="92" hits="1" branch="false" />
                <line number="93" hits="1" branch="false" />
                <line number="95" hits="1" branch="false" />
                <line number="96" hits="1" branch="false" />
                <line number="97" hits="1" branch="false" />
              </lines>
            </method>
          </methods>
          <lines>
            <line number="13" hits="1" branch="false" />
            <line number="14" hits="1" branch="false" />
            <line number="15" hits="1" branch="false" />
            <line number="16" hits="1" branch="false" />
            <line number="17" hits="1" branch="false" />
            <line number="18" hits="1" branch="false" />
            <line number="19" hits="1" branch="false" />
            <line number="20" hits="1" branch="false" />
            <line number="21" hits="1" branch="false" />
            <line number="25" hits="1" branch="false" />
            <line number="26" hits="1" branch="false" />
            <line number="27" hits="1" branch="false" />
            <line number="28" hits="1" branch="false" />
            <line number="29" hits="1" branch="false" />
            <line number="30" hits="1" branch="false" />
            <line number="31" hits="1" branch="false" />
            <line number="32" hits="1" branch="false" />
            <line number="33" hits="1" branch="false" />
            <line number="37" hits="1" branch="false" />
            <line number="38" hits="1" branch="false" />
            <line number="39" hits="1" branch="false" />
            <line number="40" hits="1" branch="false" />
            <line number="41" hits="1" branch="false" />
            <line number="42" hits="1" branch="false" />
            <line number="43" hits="1" branch="false" />
            <line number="44" hits="1" branch="false" />
            <line number="45" hits="1" branch="false" />
            <line number="49" hits="1" branch="false" />
            <line number="50" hits="1" branch="false" />
            <line number="51" hits="1" branch="false" />
            <line number="52" hits="1" branch="false" />
            <line number="54" hits="1" branch="false" />
            <line number="55" hits="1" branch="false" />
            <line number="56" hits="1" branch="false" />
            <line number="57" hits="1" branch="false" />
            <line number="59" hits="1" branch="false" />
            <line number="61" hits="1" branch="false" />
            <line number="63" hits="1" branch="false" />
            <line number="67" hits="1" branch="false" />
            <line number="68" hits="1" branch="false" />
            <line number="69" hits="1" branch="false" />
            <line number="70" hits="1" branch="false" />
            <line number="71" hits="1" branch="false" />
            <line number="73" hits="1" branch="false" />
            <line number="74" hits="1" branch="false" />
            <line number="75" hits="1" branch="false" />
            <line number="76" hits="1" branch="false" />
            <line number="78" hits="1" branch="false" />
            <line number="79" hits="1" branch="false" />
            <line number="80" hits="1" branch="false" />
            <line number="84" hits="1" branch="false" />
            <line number="85" hits="1" branch="false" />
            <line number="86" hits="1" branch="false" />
            <line number="87" hits="1" branch="false" />
            <line number="88" hits="1" branch="false" />
            <line number="90" hits="1" branch="false" />
            <line number="91" hits="1" branch="false" />
            <line number="92" hits="1" branch="false" />
            <line number="93" hits="1" branch="false" />
            <line number="95" hits="1" branch="false" />
            <line number="96" hits="1" branch="false" />
            <line number="97" hits="1" branch="false" />
          </lines>
        </class>
      </classes>
    </package>
  </packages>
</coverage>